Using pre-set license
Built from '2021.3/release' branch; Version is '2021.3.12f1 (8af3c3e441b1) revision 9106371'; Using compiler version '192829333'; Build Type 'Release'
OS: 'Windows 10  (10.0.19042) 64bit Education' Language: 'en' Physical Memory: 32683 MB
BatchMode: 1, IsHumanControllingUs: 0, StartBugReporterOnCrash: 0, Is64bit: 1, IsPro: 1

COMMAND LINE ARGUMENTS:
C:\DaZ Files\UnityEditors\2021.3.12f1\Editor\Unity.exe
-adb2
-batchMode
-noUpm
-name
AssetImportWorker0
-projectPath
C:/DaZ Work Files/GitHubRepos/UnityLearnBox/UnityLearnBox
-logFile
Logs/AssetImportWorker0.log
-srvPort
57223
Successfully changed project path to: C:/DaZ Work Files/GitHubRepos/UnityLearnBox/UnityLearnBox
C:/DaZ Work Files/GitHubRepos/UnityLearnBox/UnityLearnBox
[UnityMemory] Configuration Parameters - Can be set up in boot.config
    "memorysetup-bucket-allocator-granularity=16"
    "memorysetup-bucket-allocator-bucket-count=8"
    "memorysetup-bucket-allocator-block-size=33554432"
    "memorysetup-bucket-allocator-block-count=8"
    "memorysetup-main-allocator-block-size=16777216"
    "memorysetup-thread-allocator-block-size=16777216"
    "memorysetup-gfx-main-allocator-block-size=16777216"
    "memorysetup-gfx-thread-allocator-block-size=16777216"
    "memorysetup-cache-allocator-block-size=4194304"
    "memorysetup-typetree-allocator-block-size=2097152"
    "memorysetup-profiler-bucket-allocator-granularity=16"
    "memorysetup-profiler-bucket-allocator-bucket-count=8"
    "memorysetup-profiler-bucket-allocator-block-size=33554432"
    "memorysetup-profiler-bucket-allocator-block-count=8"
    "memorysetup-profiler-allocator-block-size=16777216"
    "memorysetup-profiler-editor-allocator-block-size=1048576"
    "memorysetup-temp-allocator-size-main=16777216"
    "memorysetup-job-temp-allocator-block-size=2097152"
    "memorysetup-job-temp-allocator-block-size-background=1048576"
    "memorysetup-job-temp-allocator-reduction-small-platforms=262144"
    "memorysetup-temp-allocator-size-background-worker=32768"
    "memorysetup-temp-allocator-size-job-worker=262144"
    "memorysetup-temp-allocator-size-preload-manager=33554432"
    "memorysetup-temp-allocator-size-nav-mesh-worker=65536"
    "memorysetup-temp-allocator-size-audio-worker=65536"
    "memorysetup-temp-allocator-size-cloud-worker=32768"
    "memorysetup-temp-allocator-size-gi-baking-worker=262144"
    "memorysetup-temp-allocator-size-gfx=262144"
Refreshing native plugins compatible for Editor in 150.47 ms, found 4 plugins.
Preloading 0 native plugins for Editor in 0.00 ms.
Initialize engine version: 2021.3.12f1 (8af3c3e441b1)
[Subsystems] Discovering subsystems at path C:/DaZ Files/UnityEditors/2021.3.12f1/Editor/Data/Resources/UnitySubsystems
[Subsystems] Discovering subsystems at path C:/DaZ Work Files/GitHubRepos/UnityLearnBox/UnityLearnBox/Assets
GfxDevice: creating device client; threaded=0; jobified=0
Direct3D:
    Version:  Direct3D 11.0 [level 11.1]
    Renderer: NVIDIA GeForce GTX 1660 Ti (ID=0x2182)
    Vendor:   NVIDIA
    VRAM:     5991 MB
    Driver:   31.0.15.1694
Initialize mono
Mono path[0] = 'C:/DaZ Files/UnityEditors/2021.3.12f1/Editor/Data/Managed'
Mono path[1] = 'C:/DaZ Files/UnityEditors/2021.3.12f1/Editor/Data/MonoBleedingEdge/lib/mono/unityjit-win32'
Mono config path = 'C:/DaZ Files/UnityEditors/2021.3.12f1/Editor/Data/MonoBleedingEdge/etc'
Using monoOptions --debugger-agent=transport=dt_socket,embedding=1,server=y,suspend=n,address=127.0.0.1:56468
Begin MonoManager ReloadAssembly
Registering precompiled unity dll's ...
Register platform support module: C:/DaZ Files/UnityEditors/2021.3.12f1/Editor/Data/PlaybackEngines/WindowsStandaloneSupport/UnityEditor.WindowsStandalone.Extensions.dll
Registered in 0.006052 seconds.
Native extension for WindowsStandalone target not found
Refreshing native plugins compatible for Editor in 139.95 ms, found 4 plugins.
Preloading 0 native plugins for Editor in 0.00 ms.
Mono: successfully reloaded assembly
- Completed reload, in  0.754 seconds
Domain Reload Profiling:
	ReloadAssembly (754ms)
		BeginReloadAssembly (77ms)
			ExecutionOrderSort (0ms)
			DisableScriptedObjects (0ms)
			BackupInstance (0ms)
			ReleaseScriptingObjects (0ms)
			CreateAndSetChildDomain (1ms)
		EndReloadAssembly (562ms)
			LoadAssemblies (75ms)
			RebuildTransferFunctionScriptingTraits (0ms)
			SetupTypeCache (109ms)
			ReleaseScriptCaches (0ms)
			RebuildScriptCaches (31ms)
			SetupLoadedEditorAssemblies (366ms)
				LogAssemblyErrors (0ms)
				InitializePlatformSupportModulesInManaged (8ms)
				SetLoadedEditorAssemblies (0ms)
				RefreshPlugins (140ms)
				BeforeProcessingInitializeOnLoad (1ms)
				ProcessInitializeOnLoadAttributes (159ms)
				ProcessInitializeOnLoadMethodAttributes (57ms)
				AfterProcessingInitializeOnLoad (0ms)
				EditorAssembliesLoaded (0ms)
			ExecutionOrderSort2 (0ms)
			AwakeInstancesAfterBackupRestoration (0ms)
Platform modules already initialized, skipping
Registering precompiled user dll's ...
Registered in 0.009313 seconds.
Begin MonoManager ReloadAssembly
Symbol file LoadedFromMemory doesn't match image C:\DaZ Work Files\GitHubRepos\UnityLearnBox\UnityLearnBox\Library\PackageCache\com.unity.visualscripting@1.7.8\Editor\VisualScripting.Core\Dependencies\YamlDotNet\Unity.VisualScripting.YamlDotNet.dll
Symbol file LoadedFromMemory doesn't match image C:\DaZ Work Files\GitHubRepos\UnityLearnBox\UnityLearnBox\Library\PackageCache\com.unity.visualscripting@1.7.8\Editor\VisualScripting.Core\Dependencies\DotNetZip\Unity.VisualScripting.IonicZip.dll
Native extension for WindowsStandalone target not found
Refreshing native plugins compatible for Editor in 182.92 ms, found 4 plugins.
Preloading 0 native plugins for Editor in 0.00 ms.
Mono: successfully reloaded assembly
- Completed reload, in  1.705 seconds
Domain Reload Profiling:
	ReloadAssembly (1706ms)
		BeginReloadAssembly (122ms)
			ExecutionOrderSort (0ms)
			DisableScriptedObjects (6ms)
			BackupInstance (0ms)
			ReleaseScriptingObjects (0ms)
			CreateAndSetChildDomain (21ms)
		EndReloadAssembly (1444ms)
			LoadAssemblies (115ms)
			RebuildTransferFunctionScriptingTraits (0ms)
			SetupTypeCache (378ms)
			ReleaseScriptCaches (1ms)
			RebuildScriptCaches (74ms)
			SetupLoadedEditorAssemblies (821ms)
				LogAssemblyErrors (0ms)
				InitializePlatformSupportModulesInManaged (4ms)
				SetLoadedEditorAssemblies (0ms)
				RefreshPlugins (183ms)
				BeforeProcessingInitializeOnLoad (169ms)
				ProcessInitializeOnLoadAttributes (325ms)
				ProcessInitializeOnLoadMethodAttributes (125ms)
				AfterProcessingInitializeOnLoad (14ms)
				EditorAssembliesLoaded (0ms)
			ExecutionOrderSort2 (0ms)
			AwakeInstancesAfterBackupRestoration (7ms)
Platform modules already initialized, skipping
========================================================================
Worker process is ready to serve import requests
Launched and connected shader compiler UnityShaderCompiler.exe after 0.04 seconds
Refreshing native plugins compatible for Editor in 1.07 ms, found 4 plugins.
Preloading 0 native plugins for Editor in 0.00 ms.
Unloading 5732 Unused Serialized files (Serialized files now loaded: 0)
Unloading 44 unused Assets / (1.6 MB). Loaded Objects now: 6190.
Memory consumption went from 227.9 MB to 226.3 MB.
Total: 5.264800 ms (FindLiveObjects: 0.630900 ms CreateObjectMapping: 0.579200 ms MarkObjects: 3.362000 ms  DeleteObjects: 0.691600 ms)

AssetImportParameters requested are different than current active one (requested -> active):
  custom:video-decoder-ogg-theora: a1e56fd34408186e4bbccfd4996cb3dc -> 
  custom:container-muxer-webm: aa71ff27fc2769a1b78a27578f13a17b -> 
  custom:container-demuxer-webm: 4f35f7cbe854078d1ac9338744f61a02 -> 
  custom:video-encoder-webm-vp8: eb34c28f22e8b96e1ab97ce403110664 -> 
  custom:audio-encoder-webm-vorbis: bf7c407c2cedff20999df2af8eb42d56 -> 
  custom:framework-win-MediaFoundation: 216162199b28c13a410421893ffa2e32 -> 
  custom:container-demuxer-ogg: 62fdf1f143b41e24485cea50d1cbac27 -> 
  custom:video-decoder-webm-vp8: 9c59270c3fd7afecdb556c50c9e8de78 -> 
  custom:audio-decoder-ogg-vorbis: bf7c407c2cedff20999df2af8eb42d56 -> 
========================================================================
Received Import Request.
  Time since last request: 466562.863505 seconds.
  path: Assets/CatLikeCodingBasics/Fractal.cs
  artifactKey: Guid(181e1e2d0c4a86e4e8064e2fb69910c1) Importer(815301076,1909f56bfc062723c751e8b465ee728b)
Start importing Assets/CatLikeCodingBasics/Fractal.cs using Guid(181e1e2d0c4a86e4e8064e2fb69910c1) Importer(815301076,1909f56bfc062723c751e8b465ee728b)  -> (artifact id: '464c7cc267661fcfca9a7e82f37a8e56') in 0.037408 seconds 
========================================================================
Received Import Request.
  Time since last request: 567.956741 seconds.
  path: Assets/CatLikeCodingBasics/Fractal.cs
  artifactKey: Guid(181e1e2d0c4a86e4e8064e2fb69910c1) Importer(815301076,1909f56bfc062723c751e8b465ee728b)
Start importing Assets/CatLikeCodingBasics/Fractal.cs using Guid(181e1e2d0c4a86e4e8064e2fb69910c1) Importer(815301076,1909f56bfc062723c751e8b465ee728b)  -> (artifact id: '8e1b235eed87c9be8bd8b78c98a5ff33') in 0.001995 seconds 
========================================================================
Received Import Request.
  Time since last request: 10.975001 seconds.
  path: Assets/CatLikeCodingBasics/Fractal.cs
  artifactKey: Guid(181e1e2d0c4a86e4e8064e2fb69910c1) Importer(815301076,1909f56bfc062723c751e8b465ee728b)
Start importing Assets/CatLikeCodingBasics/Fractal.cs using Guid(181e1e2d0c4a86e4e8064e2fb69910c1) Importer(815301076,1909f56bfc062723c751e8b465ee728b)  -> (artifact id: 'dd61b7036d458baf8195d7ce7f58ec29') in 0.001940 seconds 
========================================================================
Received Import Request.
  Time since last request: 204.548658 seconds.
  path: Assets/CatLikeCodingBasics/Fractal.cs
  artifactKey: Guid(181e1e2d0c4a86e4e8064e2fb69910c1) Importer(815301076,1909f56bfc062723c751e8b465ee728b)
Start importing Assets/CatLikeCodingBasics/Fractal.cs using Guid(181e1e2d0c4a86e4e8064e2fb69910c1) Importer(815301076,1909f56bfc062723c751e8b465ee728b)  -> (artifact id: '3643da54db8880fdffa0e22ad735f831') in 0.002129 seconds 
========================================================================
Received Import Request.
  Time since last request: 42.942552 seconds.
  path: Assets/CatLikeCodingBasics/Fractal.cs
  artifactKey: Guid(181e1e2d0c4a86e4e8064e2fb69910c1) Importer(815301076,1909f56bfc062723c751e8b465ee728b)
Start importing Assets/CatLikeCodingBasics/Fractal.cs using Guid(181e1e2d0c4a86e4e8064e2fb69910c1) Importer(815301076,1909f56bfc062723c751e8b465ee728b)  -> (artifact id: 'f8563accd38eb98c480e60cadb1b551a') in 0.001872 seconds 
========================================================================
Received Import Request.
  Time since last request: 466.852724 seconds.
  path: Assets/CatLikeCodingBasics/Fractal.cs
  artifactKey: Guid(181e1e2d0c4a86e4e8064e2fb69910c1) Importer(815301076,1909f56bfc062723c751e8b465ee728b)
Start importing Assets/CatLikeCodingBasics/Fractal.cs using Guid(181e1e2d0c4a86e4e8064e2fb69910c1) Importer(815301076,1909f56bfc062723c751e8b465ee728b)  -> (artifact id: '0174b531053b584dc432db98aeb4e888') in 0.002018 seconds 
========================================================================
Received Import Request.
  Time since last request: 47.605375 seconds.
  path: Assets/CatLikeCodingBasics/Fractal.cs
  artifactKey: Guid(181e1e2d0c4a86e4e8064e2fb69910c1) Importer(815301076,1909f56bfc062723c751e8b465ee728b)
Start importing Assets/CatLikeCodingBasics/Fractal.cs using Guid(181e1e2d0c4a86e4e8064e2fb69910c1) Importer(815301076,1909f56bfc062723c751e8b465ee728b)  -> (artifact id: 'cf10868f8dcdce1153ecc8ded2872899') in 0.002399 seconds 
========================================================================
Received Import Request.
  Time since last request: 52.265417 seconds.
  path: Assets/CatLikeCodingBasics/Fractal.cs
  artifactKey: Guid(181e1e2d0c4a86e4e8064e2fb69910c1) Importer(815301076,1909f56bfc062723c751e8b465ee728b)
Start importing Assets/CatLikeCodingBasics/Fractal.cs using Guid(181e1e2d0c4a86e4e8064e2fb69910c1) Importer(815301076,1909f56bfc062723c751e8b465ee728b)  -> (artifact id: 'e9829deef893f04e8a2bb5248ee64f1b') in 0.002035 seconds 
========================================================================
Received Import Request.
  Time since last request: 35.473429 seconds.
  path: Assets/CatLikeCodingBasics/Fractal.cs
  artifactKey: Guid(181e1e2d0c4a86e4e8064e2fb69910c1) Importer(815301076,1909f56bfc062723c751e8b465ee728b)
Start importing Assets/CatLikeCodingBasics/Fractal.cs using Guid(181e1e2d0c4a86e4e8064e2fb69910c1) Importer(815301076,1909f56bfc062723c751e8b465ee728b)  -> (artifact id: '7a87a5f7969a3fc0fd6cf2e79dd286c4') in 0.001896 seconds 
========================================================================
Received Import Request.
  Time since last request: 26.614508 seconds.
  path: Assets/CatLikeCodingBasics/Fractal.cs
  artifactKey: Guid(181e1e2d0c4a86e4e8064e2fb69910c1) Importer(815301076,1909f56bfc062723c751e8b465ee728b)
Start importing Assets/CatLikeCodingBasics/Fractal.cs using Guid(181e1e2d0c4a86e4e8064e2fb69910c1) Importer(815301076,1909f56bfc062723c751e8b465ee728b)  -> (artifact id: '64f53bb9eb29e2554c862643e38bd769') in 0.001876 seconds 
========================================================================
Received Import Request.
  Time since last request: 147.063067 seconds.
  path: Assets/CatLikeCodingBasics/Fractal.cs
  artifactKey: Guid(181e1e2d0c4a86e4e8064e2fb69910c1) Importer(815301076,1909f56bfc062723c751e8b465ee728b)
Start importing Assets/CatLikeCodingBasics/Fractal.cs using Guid(181e1e2d0c4a86e4e8064e2fb69910c1) Importer(815301076,1909f56bfc062723c751e8b465ee728b)  -> (artifact id: '4e8def7a7338cbbb99935bd41ba54388') in 0.002030 seconds 
========================================================================
Received Import Request.
  Time since last request: 96.181914 seconds.
  path: Assets/CatLikeCodingBasics/Fractal.cs
  artifactKey: Guid(181e1e2d0c4a86e4e8064e2fb69910c1) Importer(815301076,1909f56bfc062723c751e8b465ee728b)
Start importing Assets/CatLikeCodingBasics/Fractal.cs using Guid(181e1e2d0c4a86e4e8064e2fb69910c1) Importer(815301076,1909f56bfc062723c751e8b465ee728b)  -> (artifact id: 'cdbeca1e679e4e0e937bd37ce8ab5615') in 0.001967 seconds 
========================================================================
Received Import Request.
  Time since last request: 25.758779 seconds.
  path: Assets/CatLikeCodingBasics/Fractal.cs
  artifactKey: Guid(181e1e2d0c4a86e4e8064e2fb69910c1) Importer(815301076,1909f56bfc062723c751e8b465ee728b)
Start importing Assets/CatLikeCodingBasics/Fractal.cs using Guid(181e1e2d0c4a86e4e8064e2fb69910c1) Importer(815301076,1909f56bfc062723c751e8b465ee728b)  -> (artifact id: 'dba96e344d033d0fce93e6843e2e3e99') in 0.001967 seconds 
========================================================================
Received Import Request.
  Time since last request: 30.621726 seconds.
  path: Assets/CatLikeCodingBasics/Fractal.cs
  artifactKey: Guid(181e1e2d0c4a86e4e8064e2fb69910c1) Importer(815301076,1909f56bfc062723c751e8b465ee728b)
Start importing Assets/CatLikeCodingBasics/Fractal.cs using Guid(181e1e2d0c4a86e4e8064e2fb69910c1) Importer(815301076,1909f56bfc062723c751e8b465ee728b)  -> (artifact id: '165730823898a9842994becd3893aa8e') in 0.001774 seconds 
========================================================================
Received Import Request.
  Time since last request: 476.538628 seconds.
  path: Assets/CatLikeCodingBasics/Fractal.cs
  artifactKey: Guid(181e1e2d0c4a86e4e8064e2fb69910c1) Importer(815301076,1909f56bfc062723c751e8b465ee728b)
Start importing Assets/CatLikeCodingBasics/Fractal.cs using Guid(181e1e2d0c4a86e4e8064e2fb69910c1) Importer(815301076,1909f56bfc062723c751e8b465ee728b)  -> (artifact id: '7c3f5e6fdba65694237cfe0e07942293') in 0.002430 seconds 
========================================================================
Received Import Request.
  Time since last request: 7.371838 seconds.
  path: Assets/CatLikeCodingBasics/Fractal.cs
  artifactKey: Guid(181e1e2d0c4a86e4e8064e2fb69910c1) Importer(815301076,1909f56bfc062723c751e8b465ee728b)
Start importing Assets/CatLikeCodingBasics/Fractal.cs using Guid(181e1e2d0c4a86e4e8064e2fb69910c1) Importer(815301076,1909f56bfc062723c751e8b465ee728b)  -> (artifact id: 'fec01ccfd890473579631c8fb29b2bc7') in 0.002254 seconds 
========================================================================
Received Import Request.
  Time since last request: 22.084176 seconds.
  path: Assets/CatLikeCodingBasics/Fractal.cs
  artifactKey: Guid(181e1e2d0c4a86e4e8064e2fb69910c1) Importer(815301076,1909f56bfc062723c751e8b465ee728b)
Start importing Assets/CatLikeCodingBasics/Fractal.cs using Guid(181e1e2d0c4a86e4e8064e2fb69910c1) Importer(815301076,1909f56bfc062723c751e8b465ee728b)  -> (artifact id: 'e6c25c1d3be7ade462c29d40c08b9379') in 0.002041 seconds 
========================================================================
Received Import Request.
  Time since last request: 340.126704 seconds.
  path: Assets/CatLikeCodingBasics/Fractal.cs
  artifactKey: Guid(181e1e2d0c4a86e4e8064e2fb69910c1) Importer(815301076,1909f56bfc062723c751e8b465ee728b)
Start importing Assets/CatLikeCodingBasics/Fractal.cs using Guid(181e1e2d0c4a86e4e8064e2fb69910c1) Importer(815301076,1909f56bfc062723c751e8b465ee728b)  -> (artifact id: 'b74690b59c84052bd467e93818d4b977') in 0.002057 seconds 
========================================================================
Received Import Request.
  Time since last request: 11.152180 seconds.
  path: Assets/CatLikeCodingBasics/Fractal.cs
  artifactKey: Guid(181e1e2d0c4a86e4e8064e2fb69910c1) Importer(815301076,1909f56bfc062723c751e8b465ee728b)
Start importing Assets/CatLikeCodingBasics/Fractal.cs using Guid(181e1e2d0c4a86e4e8064e2fb69910c1) Importer(815301076,1909f56bfc062723c751e8b465ee728b)  -> (artifact id: '236805aba57a3b0c6036d3c880547a63') in 0.002349 seconds 
========================================================================
Received Import Request.
  Time since last request: 63.505190 seconds.
  path: Assets/CatLikeCodingBasics/Fractal.cs
  artifactKey: Guid(181e1e2d0c4a86e4e8064e2fb69910c1) Importer(815301076,1909f56bfc062723c751e8b465ee728b)
Start importing Assets/CatLikeCodingBasics/Fractal.cs using Guid(181e1e2d0c4a86e4e8064e2fb69910c1) Importer(815301076,1909f56bfc062723c751e8b465ee728b)  -> (artifact id: 'e9076fb5758cbd65d1a1acb1dc5e2abc') in 0.001913 seconds 
========================================================================
Received Import Request.
  Time since last request: 140.285817 seconds.
  path: Assets/CatLikeCodingBasics/Fractal.cs
  artifactKey: Guid(181e1e2d0c4a86e4e8064e2fb69910c1) Importer(815301076,1909f56bfc062723c751e8b465ee728b)
Start importing Assets/CatLikeCodingBasics/Fractal.cs using Guid(181e1e2d0c4a86e4e8064e2fb69910c1) Importer(815301076,1909f56bfc062723c751e8b465ee728b)  -> (artifact id: '55ae6c37ebbb168d0a7eb09811aea247') in 0.001822 seconds 
========================================================================
Received Prepare
Registering precompiled user dll's ...
Registered in 0.007573 seconds.
Begin MonoManager ReloadAssembly
Symbol file LoadedFromMemory doesn't match image C:\DaZ Work Files\GitHubRepos\UnityLearnBox\UnityLearnBox\Library\PackageCache\com.unity.visualscripting@1.7.8\Editor\VisualScripting.Core\Dependencies\YamlDotNet\Unity.VisualScripting.YamlDotNet.dll
Symbol file LoadedFromMemory doesn't match image C:\DaZ Work Files\GitHubRepos\UnityLearnBox\UnityLearnBox\Library\PackageCache\com.unity.visualscripting@1.7.8\Editor\VisualScripting.Core\Dependencies\DotNetZip\Unity.VisualScripting.IonicZip.dll
Native extension for WindowsStandalone target not found
Refreshing native plugins compatible for Editor in 0.98 ms, found 4 plugins.
Preloading 0 native plugins for Editor in 0.00 ms.
Mono: successfully reloaded assembly
- Completed reload, in  1.287 seconds
Domain Reload Profiling:
	ReloadAssembly (1287ms)
		BeginReloadAssembly (152ms)
			ExecutionOrderSort (0ms)
			DisableScriptedObjects (8ms)
			BackupInstance (0ms)
			ReleaseScriptingObjects (0ms)
			CreateAndSetChildDomain (46ms)
		EndReloadAssembly (1028ms)
			LoadAssemblies (104ms)
			RebuildTransferFunctionScriptingTraits (0ms)
			SetupTypeCache (325ms)
			ReleaseScriptCaches (2ms)
			RebuildScriptCaches (54ms)
			SetupLoadedEditorAssemblies (486ms)
				LogAssemblyErrors (0ms)
				InitializePlatformSupportModulesInManaged (12ms)
				SetLoadedEditorAssemblies (1ms)
				RefreshPlugins (1ms)
				BeforeProcessingInitializeOnLoad (115ms)
				ProcessInitializeOnLoadAttributes (251ms)
				ProcessInitializeOnLoadMethodAttributes (98ms)
				AfterProcessingInitializeOnLoad (9ms)
				EditorAssembliesLoaded (0ms)
			ExecutionOrderSort2 (0ms)
			AwakeInstancesAfterBackupRestoration (11ms)
Platform modules already initialized, skipping
Refreshing native plugins compatible for Editor in 2.97 ms, found 4 plugins.
Preloading 0 native plugins for Editor in 0.00 ms.
Unloading 5585 Unused Serialized files (Serialized files now loaded: 0)
Unloading 32 unused Assets / (1.6 MB). Loaded Objects now: 6193.
Memory consumption went from 216.9 MB to 215.3 MB.
Total: 4.147200 ms (FindLiveObjects: 0.416700 ms CreateObjectMapping: 0.344900 ms MarkObjects: 2.936800 ms  DeleteObjects: 0.448100 ms)

AssetImportParameters requested are different than current active one (requested -> active):
  custom:video-decoder-ogg-theora: a1e56fd34408186e4bbccfd4996cb3dc -> 
  custom:container-muxer-webm: aa71ff27fc2769a1b78a27578f13a17b -> 
  custom:container-demuxer-webm: 4f35f7cbe854078d1ac9338744f61a02 -> 
  custom:video-encoder-webm-vp8: eb34c28f22e8b96e1ab97ce403110664 -> 
  custom:audio-encoder-webm-vorbis: bf7c407c2cedff20999df2af8eb42d56 -> 
  custom:framework-win-MediaFoundation: 216162199b28c13a410421893ffa2e32 -> 
  custom:container-demuxer-ogg: 62fdf1f143b41e24485cea50d1cbac27 -> 
  custom:video-decoder-webm-vp8: 9c59270c3fd7afecdb556c50c9e8de78 -> 
  custom:audio-decoder-ogg-vorbis: bf7c407c2cedff20999df2af8eb42d56 -> 
========================================================================
Received Import Request.
  Time since last request: 638.953477 seconds.
  path: Assets/CatLikeCodingBasics/PointGPU 1.hlsl
  artifactKey: Guid(1faa2a484f4155140a8d090570e0867c) Importer(815301076,1909f56bfc062723c751e8b465ee728b)
Start importing Assets/CatLikeCodingBasics/PointGPU 1.hlsl using Guid(1faa2a484f4155140a8d090570e0867c) Importer(815301076,1909f56bfc062723c751e8b465ee728b)  -> (artifact id: '7596e339df56ee3b8fcd6fe3fda1ff26') in 0.026640 seconds 
========================================================================
Received Import Request.
  Time since last request: 8.831290 seconds.
  path: Assets/CatLikeCodingBasics/FractalGPU.hlsl
  artifactKey: Guid(1faa2a484f4155140a8d090570e0867c) Importer(815301076,1909f56bfc062723c751e8b465ee728b)
Start importing Assets/CatLikeCodingBasics/FractalGPU.hlsl using Guid(1faa2a484f4155140a8d090570e0867c) Importer(815301076,1909f56bfc062723c751e8b465ee728b)  -> (artifact id: '05f31ec4a511a5d2db7efd1e071765b7') in 0.005978 seconds 
========================================================================
Received Import Request.
  Time since last request: 256.674963 seconds.
  path: Assets/CatLikeCodingBasics/FractalGPU.hlsl
  artifactKey: Guid(1faa2a484f4155140a8d090570e0867c) Importer(815301076,1909f56bfc062723c751e8b465ee728b)
Start importing Assets/CatLikeCodingBasics/FractalGPU.hlsl using Guid(1faa2a484f4155140a8d090570e0867c) Importer(815301076,1909f56bfc062723c751e8b465ee728b)  -> (artifact id: '151bfda7fc48c4b7ff95547b9ed325d5') in 0.002804 seconds 
========================================================================
Received Import Request.
  Time since last request: 39.376679 seconds.
  path: Assets/CatLikeCodingBasics/PointSurfaceGPU.shader
  artifactKey: Guid(5a3c93c57e2dbee47a9e201779c70b05) Importer(815301076,1909f56bfc062723c751e8b465ee728b)
Start importing Assets/CatLikeCodingBasics/PointSurfaceGPU.shader using Guid(5a3c93c57e2dbee47a9e201779c70b05) Importer(815301076,1909f56bfc062723c751e8b465ee728b)  -> (artifact id: 'e341b5d43091a184e92f023089c63ce7') in 0.009684 seconds 
========================================================================
Received Import Request.
  Time since last request: 1.114199 seconds.
  path: Assets/CatLikeCodingBasics/PointURP.shadergraph
  artifactKey: Guid(c1bbd873e0184234f91d4d9f57f66110) Importer(815301076,1909f56bfc062723c751e8b465ee728b)
Start importing Assets/CatLikeCodingBasics/PointURP.shadergraph using Guid(c1bbd873e0184234f91d4d9f57f66110) Importer(815301076,1909f56bfc062723c751e8b465ee728b)  -> (artifact id: '16a217031952d4794fdfbf532b0b31cc') in 0.008477 seconds 
========================================================================
Received Import Request.
  Time since last request: 0.735411 seconds.
  path: Assets/CatLikeCodingBasics/PointURPGPU.shadergraph
  artifactKey: Guid(f3fc4e68b54129f4ebd4cd2f966ca029) Importer(815301076,1909f56bfc062723c751e8b465ee728b)
Start importing Assets/CatLikeCodingBasics/PointURPGPU.shadergraph using Guid(f3fc4e68b54129f4ebd4cd2f966ca029) Importer(815301076,1909f56bfc062723c751e8b465ee728b)  -> (artifact id: '5868d83c9af966f42d15ba077908127a') in 0.007103 seconds 
========================================================================
Received Import Request.
  Time since last request: 18.379902 seconds.
  path: Assets/CatLikeCodingBasics/PointURPGPU 1.shadergraph
  artifactKey: Guid(1d4834fd40ff07f4eb20a1c070d6adb0) Importer(815301076,1909f56bfc062723c751e8b465ee728b)
Start importing Assets/CatLikeCodingBasics/PointURPGPU 1.shadergraph using Guid(1d4834fd40ff07f4eb20a1c070d6adb0) Importer(815301076,1909f56bfc062723c751e8b465ee728b)  -> (artifact id: '9886d36f9f895709a20d4ba43b97e738') in 0.007135 seconds 
========================================================================
Received Import Request.
  Time since last request: 22.714115 seconds.
  path: Assets/CatLikeCodingBasics/FractalURPGPU.shadergraph
  artifactKey: Guid(1d4834fd40ff07f4eb20a1c070d6adb0) Importer(815301076,1909f56bfc062723c751e8b465ee728b)
Start importing Assets/CatLikeCodingBasics/FractalURPGPU.shadergraph using Guid(1d4834fd40ff07f4eb20a1c070d6adb0) Importer(815301076,1909f56bfc062723c751e8b465ee728b)  -> (artifact id: '7a203886b6942c8a0df4e3721adb8a6d') in 0.006942 seconds 
========================================================================
Received Import Request.
  Time since last request: 122.911524 seconds.
  path: Assets/TextMesh Pro/Shaders/TMPro.cginc
  artifactKey: Guid(407bc68d299748449bbf7f48ee690f8d) Importer(815301076,1909f56bfc062723c751e8b465ee728b)
Start importing Assets/TextMesh Pro/Shaders/TMPro.cginc using Guid(407bc68d299748449bbf7f48ee690f8d) Importer(815301076,1909f56bfc062723c751e8b465ee728b)  -> (artifact id: '8bda5eacaf9d6de3551cc2e97a197b6d') in 0.012611 seconds 
========================================================================
Received Import Request.
  Time since last request: 0.000022 seconds.
  path: Assets/TextMesh Pro/Shaders/TMPro_Surface.cginc
  artifactKey: Guid(d930090c0cd643c7b55f19a38538c162) Importer(815301076,1909f56bfc062723c751e8b465ee728b)
Start importing Assets/TextMesh Pro/Shaders/TMPro_Surface.cginc using Guid(d930090c0cd643c7b55f19a38538c162) Importer(815301076,1909f56bfc062723c751e8b465ee728b)  -> (artifact id: '923880f74f7301feadf0c7e22f985452') in 0.010533 seconds 
========================================================================
Received Import Request.
  Time since last request: 0.000020 seconds.
  path: Assets/TextMesh Pro/Shaders/TMPro_Properties.cginc
  artifactKey: Guid(3997e2241185407d80309a82f9148466) Importer(815301076,1909f56bfc062723c751e8b465ee728b)
Start importing Assets/TextMesh Pro/Shaders/TMPro_Properties.cginc using Guid(3997e2241185407d80309a82f9148466) Importer(815301076,1909f56bfc062723c751e8b465ee728b)  -> (artifact id: '6d0ee10b0d7888cd47ce7bb65600a0c7') in 0.011537 seconds 
========================================================================
Received Import Request.
  Time since last request: 86.869301 seconds.
  path: Assets/CatLikeCodingBasics/FractalURPGPU.shadergraph
  artifactKey: Guid(1d4834fd40ff07f4eb20a1c070d6adb0) Importer(815301076,1909f56bfc062723c751e8b465ee728b)
Start importing Assets/CatLikeCodingBasics/FractalURPGPU.shadergraph using Guid(1d4834fd40ff07f4eb20a1c070d6adb0) Importer(815301076,1909f56bfc062723c751e8b465ee728b)  -> (artifact id: 'b2b1810be93c9e82eec2a9db847a85a6') in 0.003889 seconds 
